Started GET "/" for 127.0.0.1 at 2017-06-27 11:59:37 -0400
Processing by Rails::WelcomeController#index as HTML
  Rendering C:/RailsInstaller/Ruby2.3.0/lib/ruby/gems/2.3.0/gems/railties-5.1.2/lib/rails/templates/rails/welcome/index.html.erb
  Rendered C:/RailsInstaller/Ruby2.3.0/lib/ruby/gems/2.3.0/gems/railties-5.1.2/lib/rails/templates/rails/welcome/index.html.erb (5.0ms)
Completed 200 OK in 468ms (Views: 28.7ms)


  [1m[35m (0.0ms)[0m  [1m[35mSET  @@SESSION.sql_mode = CONCAT(CONCAT(@@sql_mode, ',STRICT_ALL_TABLES'), ',NO_AUTO_VALUE_ON_ZERO'),  @@SESSION.sql_auto_is_null = 0, @@SESSION.wait_timeout = 2147483[0m
  [1m[35m (22.6ms)[0m  [1m[35mCREATE TABLE `schema_migrations` (`version` varchar(255) NOT NULL PRIMARY KEY) ENGINE=InnoDB[0m
  [1m[35m (19.1ms)[0m  [1m[35mCREATE TABLE `ar_internal_metadata` (`key` varchar(255) NOT NULL PRIMARY KEY, `value` varchar(255), `created_at` datetime NOT NULL, `updated_at` datetime NOT NULL) ENGINE=InnoDB[0m
  [1m[35m (0.0ms)[0m  [1m[34mSELECT DATABASE() as db[0m
  [1m[35m (0.0ms)[0m  [1m[34mSELECT GET_LOCK(2253939812606074005, 0)[0m
  [1m[35m (0.0ms)[0m  [1m[34mSELECT `schema_migrations`.`version` FROM `schema_migrations` ORDER BY `schema_migrations`.`version` ASC[0m
Migrating to CreateArticles (20170627160121)
  [1m[35m (19.6ms)[0m  [1m[35mCREATE TABLE `articles` (`id` bigint NOT NULL AUTO_INCREMENT PRIMARY KEY, `title` varchar(255), `body` text, `created_at` datetime NOT NULL, `updated_at` datetime NOT NULL) ENGINE=InnoDB[0m
  [1m[35m (0.0ms)[0m  [1m[35mBEGIN[0m
  [1m[35mSQL (0.5ms)[0m  [1m[32mINSERT INTO `schema_migrations` (`version`) VALUES ('20170627160121')[0m
  [1m[35m (1.0ms)[0m  [1m[35mCOMMIT[0m
  [1m[36mActiveRecord::InternalMetadata Load (0.0ms)[0m  [1m[34mSELECT  `ar_internal_metadata`.* FROM `ar_internal_metadata` WHERE `ar_internal_metadata`.`key` = 'environment' LIMIT 1[0m
  [1m[35m (0.5ms)[0m  [1m[35mBEGIN[0m
  [1m[35mSQL (0.5ms)[0m  [1m[32mINSERT INTO `ar_internal_metadata` (`key`, `value`, `created_at`, `updated_at`) VALUES ('environment', 'development', '2017-06-27 16:02:36', '2017-06-27 16:02:36')[0m
  [1m[35m (1.0ms)[0m  [1m[35mCOMMIT[0m
  [1m[35m (0.0ms)[0m  [1m[34mSELECT RELEASE_LOCK(2253939812606074005)[0m
  [1m[35m (0.0ms)[0m  [1m[34mSELECT `schema_migrations`.`version` FROM `schema_migrations` ORDER BY `schema_migrations`.`version` ASC[0m
  [1m[35m (0.0ms)[0m  [1m[35mSHOW CREATE TABLE `articles`[0m
  [1m[35m (0.5ms)[0m  [1m[35mSHOW TABLE STATUS LIKE 'articles'[0m
  [1m[35m (0.5ms)[0m  [1m[35mSET  @@SESSION.sql_mode = CONCAT(CONCAT(@@sql_mode, ',STRICT_ALL_TABLES'), ',NO_AUTO_VALUE_ON_ZERO'),  @@SESSION.sql_auto_is_null = 0, @@SESSION.wait_timeout = 2147483[0m
  [1m[35m (0.0ms)[0m  [1m[34mSELECT `schema_migrations`.`version` FROM `schema_migrations` ORDER BY `schema_migrations`.`version` ASC[0m
  [1m[35m (0.0ms)[0m  [1m[35mSET  @@SESSION.sql_mode = CONCAT(CONCAT(@@sql_mode, ',STRICT_ALL_TABLES'), ',NO_AUTO_VALUE_ON_ZERO'),  @@SESSION.sql_auto_is_null = 0, @@SESSION.wait_timeout = 2147483[0m
  [1m[35m (0.0ms)[0m  [1m[34mSELECT `schema_migrations`.`version` FROM `schema_migrations` ORDER BY `schema_migrations`.`version` ASC[0m
  [1m[35m (0.0ms)[0m  [1m[35mBEGIN[0m
  [1m[35mSQL (0.5ms)[0m  [1m[32mINSERT INTO `articles` (`title`, `body`, `created_at`, `updated_at`) VALUES ('Mr Standfast', 'Expedita praesentium error laboriosam vitae repellat quasi et ex.', '2017-06-27 16:09:46', '2017-06-27 16:09:46')[0m
  [1m[35m (1.5ms)[0m  [1m[35mCOMMIT[0m
  [1m[35m (0.0ms)[0m  [1m[35mBEGIN[0m
  [1m[35mSQL (0.5ms)[0m  [1m[32mINSERT INTO `articles` (`title`, `body`, `created_at`, `updated_at`) VALUES ('The Torment of Others', 'At ex labore quo veritatis ab.', '2017-06-27 16:09:46', '2017-06-27 16:09:46')[0m
  [1m[35m (1.0ms)[0m  [1m[35mCOMMIT[0m
  [1m[35m (0.0ms)[0m  [1m[35mBEGIN[0m
  [1m[35mSQL (0.5ms)[0m  [1m[32mINSERT INTO `articles` (`title`, `body`, `created_at`, `updated_at`) VALUES ('Of Human Bondage', 'Dicta deleniti omnis a.', '2017-06-27 16:09:46', '2017-06-27 16:09:46')[0m
  [1m[35m (1.0ms)[0m  [1m[35mCOMMIT[0m
  [1m[35m (0.0ms)[0m  [1m[35mBEGIN[0m
  [1m[35mSQL (0.5ms)[0m  [1m[32mINSERT INTO `articles` (`title`, `body`, `created_at`, `updated_at`) VALUES ('A Swiftly Tilting Planet', 'Odio perspiciatis quisquam corporis possimus.', '2017-06-27 16:09:46', '2017-06-27 16:09:46')[0m
  [1m[35m (0.5ms)[0m  [1m[35mCOMMIT[0m
  [1m[35m (0.0ms)[0m  [1m[35mBEGIN[0m
  [1m[35mSQL (0.5ms)[0m  [1m[32mINSERT INTO `articles` (`title`, `body`, `created_at`, `updated_at`) VALUES ('Rosemary Sutcliff', 'Sequi aut aut similique.', '2017-06-27 16:09:46', '2017-06-27 16:09:46')[0m
  [1m[35m (1.0ms)[0m  [1m[35mCOMMIT[0m
Started GET "/api/v1/articles" for 127.0.0.1 at 2017-06-27 12:22:47 -0400
  [1m[35m (0.0ms)[0m  [1m[35mSET  @@SESSION.sql_mode = CONCAT(CONCAT(@@sql_mode, ',STRICT_ALL_TABLES'), ',NO_AUTO_VALUE_ON_ZERO'),  @@SESSION.sql_auto_is_null = 0, @@SESSION.wait_timeout = 2147483[0m
  [1m[35m (0.0ms)[0m  [1m[34mSELECT `schema_migrations`.`version` FROM `schema_migrations` ORDER BY `schema_migrations`.`version` ASC[0m
  
SyntaxError (C:/Sites/myarticles/app/controllers/api/v1/articles_controller.rb:2: class/module name must be CONSTANT):
  
app/controllers/api/v1/articles_controller.rb:2: class/module name must be CONSTANT
Started GET "/api/v1/articles.json" for 127.0.0.1 at 2017-06-27 12:23:00 -0400
  
SyntaxError (C:/Sites/myarticles/app/controllers/api/v1/articles_controller.rb:2: class/module name must be CONSTANT):
  
app/controllers/api/v1/articles_controller.rb:2: class/module name must be CONSTANT
Started GET "/api/v1/articles.json" for 127.0.0.1 at 2017-06-27 12:23:01 -0400
  
SyntaxError (C:/Sites/myarticles/app/controllers/api/v1/articles_controller.rb:2: class/module name must be CONSTANT):
  
app/controllers/api/v1/articles_controller.rb:2: class/module name must be CONSTANT
Started GET "/api/v1/articles.json" for 127.0.0.1 at 2017-06-27 12:25:07 -0400
  
SyntaxError (C:/Sites/myarticles/app/controllers/api/v1/articles_controller.rb:2: class/module name must be CONSTANT):
  
app/controllers/api/v1/articles_controller.rb:2: class/module name must be CONSTANT
Started GET "/" for 127.0.0.1 at 2017-06-27 12:26:44 -0400
  [1m[35m (0.5ms)[0m  [1m[35mSET  @@SESSION.sql_mode = CONCAT(CONCAT(@@sql_mode, ',STRICT_ALL_TABLES'), ',NO_AUTO_VALUE_ON_ZERO'),  @@SESSION.sql_auto_is_null = 0, @@SESSION.wait_timeout = 2147483[0m
Processing by Rails::WelcomeController#index as HTML
  Rendering C:/RailsInstaller/Ruby2.3.0/lib/ruby/gems/2.3.0/gems/railties-5.1.2/lib/rails/templates/rails/welcome/index.html.erb
  Rendered C:/RailsInstaller/Ruby2.3.0/lib/ruby/gems/2.3.0/gems/railties-5.1.2/lib/rails/templates/rails/welcome/index.html.erb (3.0ms)
Completed 200 OK in 33ms (Views: 16.9ms | ActiveRecord: 0.0ms)


Started GET "/api/v1/articles" for 127.0.0.1 at 2017-06-27 12:28:36 -0400
  
SyntaxError (C:/Sites/myarticles/app/controllers/api/v1/articles_controller.rb:2: class/module name must be CONSTANT):
  
app/controllers/api/v1/articles_controller.rb:2: class/module name must be CONSTANT
Started GET "/api/v1/articles" for 127.0.0.1 at 2017-06-27 12:29:32 -0400
Processing by Api::V1::ArticlesController#index as */*
Completed 500 Internal Server Error in 55ms (ActiveRecord: 0.0ms)


  
NameError (undefined local variable or method `ok' for #<Api::V1::ArticlesController:0x5a40710>):
  
app/controllers/api/v1/articles_controller.rb:6:in `index'
Started GET "/api/v1/articles" for 127.0.0.1 at 2017-06-27 12:30:04 -0400
Processing by Api::V1::ArticlesController#index as */*
  [1m[36mArticle Load (0.5ms)[0m  [1m[34mSELECT `articles`.* FROM `articles` ORDER BY created_at DESC[0m
Completed 200 OK in 23ms (Views: 8.5ms | ActiveRecord: 11.0ms)


Started GET "/api/v1/articles/1" for 127.0.0.1 at 2017-06-27 12:35:51 -0400
Processing by Api::V1::ArticlesController#show as */*
  Parameters: {"id"=>"1"}
  [1m[36mArticle Load (0.0ms)[0m  [1m[34mSELECT  `articles`.* FROM `articles` WHERE `articles`.`id` = 1 LIMIT 1[0m
Completed 200 OK in 22ms (Views: 0.5ms | ActiveRecord: 0.0ms)


Started GET "/api/v1/articles/3" for 127.0.0.1 at 2017-06-27 12:35:57 -0400
Processing by Api::V1::ArticlesController#show as */*
  Parameters: {"id"=>"3"}
  [1m[36mArticle Load (0.5ms)[0m  [1m[34mSELECT  `articles`.* FROM `articles` WHERE `articles`.`id` = 3 LIMIT 1[0m
Completed 200 OK in 2ms (Views: 0.4ms | ActiveRecord: 0.5ms)


Started POST "/api/v1/articles" for 127.0.0.1 at 2017-06-27 12:45:22 -0400
Processing by Api::V1::ArticlesController#create as */*
  Parameters: {"title"=>"Article One", "body"=>"This is the body", "article"=>{"title"=>"Article One", "body"=>"This is the body"}}
Completed 400 Bad Request in 1ms (ActiveRecord: 7.0ms)


  
ActionController::ParameterMissing (param is missing or the value is empty: articles):
  
app/controllers/api/v1/articles_controller.rb:25:in `article_params'
app/controllers/api/v1/articles_controller.rb:15:in `create'
Started POST "/api/v1/articles" for 127.0.0.1 at 2017-06-27 12:46:10 -0400
Processing by Api::V1::ArticlesController#create as */*
  Parameters: {"title"=>"Article One", "body"=>"This is the body", "article"=>{"title"=>"Article One", "body"=>"This is the body"}}
Completed 400 Bad Request in 1ms (ActiveRecord: 0.0ms)


  
ActionController::ParameterMissing (param is missing or the value is empty: articles):
  
app/controllers/api/v1/articles_controller.rb:25:in `article_params'
app/controllers/api/v1/articles_controller.rb:15:in `create'
Started POST "/api/v1/articles" for 127.0.0.1 at 2017-06-27 12:46:33 -0400
Processing by Api::V1::ArticlesController#create as */*
  Parameters: {"{\n\t\"title\":\"Article One\",\n\t\"body\":\"This is the body\"\n}"=>nil}
Completed 400 Bad Request in 1ms (ActiveRecord: 0.0ms)


  
ActionController::ParameterMissing (param is missing or the value is empty: articles):
  
app/controllers/api/v1/articles_controller.rb:25:in `article_params'
app/controllers/api/v1/articles_controller.rb:15:in `create'
Started POST "/api/v1/articles" for 127.0.0.1 at 2017-06-27 12:46:46 -0400
Processing by Api::V1::ArticlesController#create as */*
  Parameters: {"------WebKitFormBoundarysZOXl7nJAA9AxT8o\r\nContent-Disposition: form-data; name"=>"\"title\"\r\n\r\ntest\r\n------WebKitFormBoundarysZOXl7nJAA9AxT8o\r\nContent-Disposition: form-data; name=\"body\"\r\n\r\ntest\r\n------WebKitFormBoundarysZOXl7nJAA9AxT8o--\r\n"}
Completed 400 Bad Request in 1ms (ActiveRecord: 0.0ms)


  
ActionController::ParameterMissing (param is missing or the value is empty: articles):
  
app/controllers/api/v1/articles_controller.rb:25:in `article_params'
app/controllers/api/v1/articles_controller.rb:15:in `create'
Started POST "/api/v1/articles" for 127.0.0.1 at 2017-06-27 12:48:35 -0400
Processing by Api::V1::ArticlesController#create as */*
  Parameters: {"------WebKitFormBoundaryGqMshLJyjI1KPlxr\r\nContent-Disposition: form-data; name"=>"\"title\"\r\n\r\ntest\r\n------WebKitFormBoundaryGqMshLJyjI1KPlxr\r\nContent-Disposition: form-data; name=\"body\"\r\n\r\ntest\r\n------WebKitFormBoundaryGqMshLJyjI1KPlxr--\r\n"}
Unpermitted parameter: :------WebKitFormBoundaryGqMshLJyjI1KPlxr
Content-Disposition: form-data; name
  [1m[35m (0.0ms)[0m  [1m[35mBEGIN[0m
  [1m[35m (0.0ms)[0m  [1m[31mROLLBACK[0m
Completed 422 Unprocessable Entity in 284ms (Views: 0.2ms | ActiveRecord: 0.0ms)


Started POST "/api/v1/articles" for 127.0.0.1 at 2017-06-27 12:53:47 -0400
Processing by Api::V1::ArticlesController#create as */*
  Parameters: {"title"=>"Test Article One", "body"=>"This is the body", "article"=>{"title"=>"Test Article One", "body"=>"This is the body"}}
Unpermitted parameter: :article
  [1m[35m (0.0ms)[0m  [1m[35mBEGIN[0m
  [1m[35mSQL (0.5ms)[0m  [1m[32mINSERT INTO `articles` (`title`, `body`, `created_at`, `updated_at`) VALUES ('Test Article One', 'This is the body', '2017-06-27 16:53:47', '2017-06-27 16:53:47')[0m
  [1m[35m (0.5ms)[0m  [1m[35mCOMMIT[0m
Completed 200 OK in 7ms (Views: 0.4ms | ActiveRecord: 1.0ms)


Started DELETE "/api/v1/articles/6" for 127.0.0.1 at 2017-06-27 12:56:45 -0400
Processing by Api::V1::ArticlesController#destroy as */*
  Parameters: {"id"=>"6"}
  [1m[36mArticle Load (0.0ms)[0m  [1m[34mSELECT  `articles`.* FROM `articles` WHERE `articles`.`id` = 6 LIMIT 1[0m
  [1m[35m (0.5ms)[0m  [1m[35mBEGIN[0m
  [1m[35mSQL (1.5ms)[0m  [1m[31mDELETE FROM `articles` WHERE `articles`.`id` = 6[0m
  [1m[35m (4.5ms)[0m  [1m[35mCOMMIT[0m
Completed 200 OK in 15ms (Views: 0.4ms | ActiveRecord: 6.5ms)


Started PUT "/api/v1/articles/5" for 127.0.0.1 at 2017-06-27 12:59:30 -0400
Processing by Api::V1::ArticlesController#update as */*
  Parameters: {"title"=>"Updated Title", "body"=>"Updated Body", "id"=>"5", "article"=>{"title"=>"Updated Title", "body"=>"Updated Body"}}
  [1m[36mArticle Load (0.0ms)[0m  [1m[34mSELECT  `articles`.* FROM `articles` WHERE `articles`.`id` = 5 LIMIT 1[0m
Unpermitted parameters: :id, :article
  [1m[35m (0.0ms)[0m  [1m[35mBEGIN[0m
  [1m[35mSQL (0.5ms)[0m  [1m[33mUPDATE `articles` SET `title` = 'Updated Title', `body` = 'Updated Body', `updated_at` = '2017-06-27 16:59:30' WHERE `articles`.`id` = 5[0m
  [1m[35m (1.0ms)[0m  [1m[35mCOMMIT[0m
Completed 200 OK in 8ms (Views: 0.3ms | ActiveRecord: 1.5ms)


  [1m[35m (4.6ms)[0m  [1m[35mCREATE TABLE "schema_migrations" ("version" character varying NOT NULL PRIMARY KEY)[0m
  [1m[35m (32.9ms)[0m  [1m[35mCREATE TABLE "ar_internal_metadata" ("key" character varying NOT NULL PRIMARY KEY, "value" character varying, "created_at" timestamp NOT NULL, "updated_at" timestamp NOT NULL)[0m
  [1m[35m (0.2ms)[0m  [1m[34mSELECT pg_try_advisory_lock(3047648244906079080)[0m
  [1m[35m (0.4ms)[0m  [1m[34mSELECT "schema_migrations"."version" FROM "schema_migrations" ORDER BY "schema_migrations"."version" ASC[0m
Migrating to CreateArticles (20170627160121)
  [1m[35m (0.1ms)[0m  [1m[35mBEGIN[0m
  [1m[35m (33.0ms)[0m  [1m[35mCREATE TABLE "articles" ("id" bigserial primary key, "title" character varying, "body" text, "created_at" timestamp NOT NULL, "updated_at" timestamp NOT NULL)[0m
  [1m[35mSQL (11.8ms)[0m  [1m[32mINSERT INTO "schema_migrations" ("version") VALUES ($1) RETURNING "version"[0m  [["version", "20170627160121"]]
  [1m[35m (0.7ms)[0m  [1m[35mCOMMIT[0m
  [1m[36mActiveRecord::InternalMetadata Load (0.2ms)[0m  [1m[34mSELECT  "ar_internal_metadata".* FROM "ar_internal_metadata" WHERE "ar_internal_metadata"."key" = $1 LIMIT $2[0m  [["key", "environment"], ["LIMIT", 1]]
  [1m[35m (0.1ms)[0m  [1m[35mBEGIN[0m
  [1m[35mSQL (2.6ms)[0m  [1m[32mINSERT INTO "ar_internal_metadata" ("key", "value", "created_at", "updated_at") VALUES ($1, $2, $3, $4) RETURNING "key"[0m  [["key", "environment"], ["value", "development"], ["created_at", "2018-05-09 18:34:38.079831"], ["updated_at", "2018-05-09 18:34:38.079831"]]
  [1m[35m (0.5ms)[0m  [1m[35mCOMMIT[0m
  [1m[35m (0.2ms)[0m  [1m[34mSELECT pg_advisory_unlock(3047648244906079080)[0m
  [1m[35m (0.2ms)[0m  [1m[34mSELECT "schema_migrations"."version" FROM "schema_migrations" ORDER BY "schema_migrations"."version" ASC[0m
Started GET "/" for 127.0.0.1 at 2018-05-09 11:36:10 -0700
  [1m[35m (0.4ms)[0m  [1m[34mSELECT "schema_migrations"."version" FROM "schema_migrations" ORDER BY "schema_migrations"."version" ASC[0m
Processing by Rails::WelcomeController#index as HTML
  Rendering /usr/local/lib/ruby/gems/2.4.0/gems/railties-5.1.6/lib/rails/templates/rails/welcome/index.html.erb
  Rendered /usr/local/lib/ruby/gems/2.4.0/gems/railties-5.1.6/lib/rails/templates/rails/welcome/index.html.erb (4.1ms)
Completed 200 OK in 16ms (Views: 11.9ms | ActiveRecord: 0.0ms)


Started GET "/" for 127.0.0.1 at 2018-05-09 11:36:11 -0700
Processing by Rails::WelcomeController#index as HTML
  Rendering /usr/local/lib/ruby/gems/2.4.0/gems/railties-5.1.6/lib/rails/templates/rails/welcome/index.html.erb
  Rendered /usr/local/lib/ruby/gems/2.4.0/gems/railties-5.1.6/lib/rails/templates/rails/welcome/index.html.erb (2.6ms)
Completed 200 OK in 6ms (Views: 4.3ms | ActiveRecord: 0.0ms)


Started GET "/api/v1/articles" for 127.0.0.1 at 2018-05-09 11:37:02 -0700
Processing by Api::V1::ArticlesController#index as */*
  [1m[36mArticle Load (12.2ms)[0m  [1m[34mSELECT "articles".* FROM "articles" ORDER BY created_at DESC[0m
Completed 200 OK in 115ms (Views: 47.1ms | ActiveRecord: 64.6ms)


  [1m[35m (0.4ms)[0m  [1m[34mSELECT "schema_migrations"."version" FROM "schema_migrations" ORDER BY "schema_migrations"."version" ASC[0m
  [1m[35m (0.1ms)[0m  [1m[35mBEGIN[0m
  [1m[35mSQL (22.9ms)[0m  [1m[32mINSERT INTO "articles" ("title", "body", "created_at", "updated_at") VALUES ($1, $2, $3, $4) RETURNING "id"[0m  [["title", "A Time to Kill"], ["body", "Veniam dolores doloremque nihil sed."], ["created_at", "2018-05-09 18:37:22.006744"], ["updated_at", "2018-05-09 18:37:22.006744"]]
  [1m[35m (14.8ms)[0m  [1m[35mCOMMIT[0m
  [1m[35m (0.1ms)[0m  [1m[35mBEGIN[0m
  [1m[35mSQL (0.2ms)[0m  [1m[32mINSERT INTO "articles" ("title", "body", "created_at", "updated_at") VALUES ($1, $2, $3, $4) RETURNING "id"[0m  [["title", "By Grand Central Station I Sat Down and Wept"], ["body", "Sit autem autem fuga qui incidunt debitis ipsum."], ["created_at", "2018-05-09 18:37:22.046010"], ["updated_at", "2018-05-09 18:37:22.046010"]]
  [1m[35m (0.7ms)[0m  [1m[35mCOMMIT[0m
  [1m[35m (0.1ms)[0m  [1m[35mBEGIN[0m
  [1m[35mSQL (0.2ms)[0m  [1m[32mINSERT INTO "articles" ("title", "body", "created_at", "updated_at") VALUES ($1, $2, $3, $4) RETURNING "id"[0m  [["title", "The Glory and the Dream"], ["body", "Nemo illo et eveniet excepturi est blanditiis totam."], ["created_at", "2018-05-09 18:37:22.048015"], ["updated_at", "2018-05-09 18:37:22.048015"]]
  [1m[35m (0.4ms)[0m  [1m[35mCOMMIT[0m
  [1m[35m (0.1ms)[0m  [1m[35mBEGIN[0m
  [1m[35mSQL (0.2ms)[0m  [1m[32mINSERT INTO "articles" ("title", "body", "created_at", "updated_at") VALUES ($1, $2, $3, $4) RETURNING "id"[0m  [["title", "It's a Battlefield"], ["body", "Excepturi est sed consequuntur."], ["created_at", "2018-05-09 18:37:22.049512"], ["updated_at", "2018-05-09 18:37:22.049512"]]
  [1m[35m (0.5ms)[0m  [1m[35mCOMMIT[0m
  [1m[35m (0.1ms)[0m  [1m[35mBEGIN[0m
  [1m[35mSQL (0.2ms)[0m  [1m[32mINSERT INTO "articles" ("title", "body", "created_at", "updated_at") VALUES ($1, $2, $3, $4) RETURNING "id"[0m  [["title", "Moab Is My Washpot"], ["body", "Et ab est ea sunt praesentium reiciendis."], ["created_at", "2018-05-09 18:37:22.051150"], ["updated_at", "2018-05-09 18:37:22.051150"]]
  [1m[35m (0.5ms)[0m  [1m[35mCOMMIT[0m
Started GET "/api/v1/articles" for 127.0.0.1 at 2018-05-09 11:37:38 -0700
  [1m[35m (0.4ms)[0m  [1m[34mSELECT "schema_migrations"."version" FROM "schema_migrations" ORDER BY "schema_migrations"."version" ASC[0m
Processing by Api::V1::ArticlesController#index as */*
  [1m[36mArticle Load (0.6ms)[0m  [1m[34mSELECT "articles".* FROM "articles" ORDER BY created_at DESC[0m
Completed 200 OK in 32ms (Views: 27.1ms | ActiveRecord: 3.3ms)


  [1m[35m (0.1ms)[0m  [1m[34mSELECT pg_try_advisory_lock(3047648244906079080)[0m
  [1m[35m (0.4ms)[0m  [1m[34mSELECT "schema_migrations"."version" FROM "schema_migrations" ORDER BY "schema_migrations"."version" ASC[0m
Migrating to DeviseCreateInstalls (20180509210756)
  [1m[35m (0.1ms)[0m  [1m[35mBEGIN[0m
  [1m[35m (64.0ms)[0m  [1m[35mCREATE TABLE "installs" ("id" bigserial primary key, "email" character varying DEFAULT '' NOT NULL, "encrypted_password" character varying DEFAULT '' NOT NULL, "reset_password_token" character varying, "reset_password_sent_at" timestamp, "remember_created_at" timestamp, "sign_in_count" integer DEFAULT 0 NOT NULL, "current_sign_in_at" timestamp, "last_sign_in_at" timestamp, "current_sign_in_ip" inet, "last_sign_in_ip" inet, "created_at" timestamp NOT NULL, "updated_at" timestamp NOT NULL)[0m
  [1m[35m (2.0ms)[0m  [1m[35mCREATE UNIQUE INDEX  "index_installs_on_email" ON "installs"  ("email")[0m
  [1m[35m (12.9ms)[0m  [1m[35mCREATE UNIQUE INDEX  "index_installs_on_reset_password_token" ON "installs"  ("reset_password_token")[0m
  [1m[35mSQL (0.3ms)[0m  [1m[32mINSERT INTO "schema_migrations" ("version") VALUES ($1) RETURNING "version"[0m  [["version", "20180509210756"]]
  [1m[35m (15.2ms)[0m  [1m[35mCOMMIT[0m
Migrating to DeviseCreateUsers (20180509211701)
  [1m[35m (0.2ms)[0m  [1m[35mBEGIN[0m
  [1m[35m (29.6ms)[0m  [1m[35mCREATE TABLE "users" ("id" bigserial primary key, "email" character varying DEFAULT '' NOT NULL, "encrypted_password" character varying DEFAULT '' NOT NULL, "reset_password_token" character varying, "reset_password_sent_at" timestamp, "remember_created_at" timestamp, "sign_in_count" integer DEFAULT 0 NOT NULL, "current_sign_in_at" timestamp, "last_sign_in_at" timestamp, "current_sign_in_ip" inet, "last_sign_in_ip" inet, "created_at" timestamp NOT NULL, "updated_at" timestamp NOT NULL)[0m
  [1m[35m (0.9ms)[0m  [1m[35mCREATE UNIQUE INDEX  "index_users_on_email" ON "users"  ("email")[0m
  [1m[35m (1.0ms)[0m  [1m[35mCREATE UNIQUE INDEX  "index_users_on_reset_password_token" ON "users"  ("reset_password_token")[0m
  [1m[35mSQL (0.2ms)[0m  [1m[32mINSERT INTO "schema_migrations" ("version") VALUES ($1) RETURNING "version"[0m  [["version", "20180509211701"]]
  [1m[35m (0.8ms)[0m  [1m[35mCOMMIT[0m
  [1m[36mActiveRecord::InternalMetadata Load (0.3ms)[0m  [1m[34mSELECT  "ar_internal_metadata".* FROM "ar_internal_metadata" WHERE "ar_internal_metadata"."key" = $1 LIMIT $2[0m  [["key", "environment"], ["LIMIT", 1]]
  [1m[35m (0.1ms)[0m  [1m[35mBEGIN[0m
  [1m[35m (0.1ms)[0m  [1m[35mCOMMIT[0m
  [1m[35m (0.2ms)[0m  [1m[34mSELECT pg_advisory_unlock(3047648244906079080)[0m
  [1m[35m (0.2ms)[0m  [1m[34mSELECT "schema_migrations"."version" FROM "schema_migrations" ORDER BY "schema_migrations"."version" ASC[0m
Started GET "/v1/contacts" for 127.0.0.1 at 2018-05-09 14:27:49 -0700
  [1m[35m (26.2ms)[0m  [1m[34mSELECT "schema_migrations"."version" FROM "schema_migrations" ORDER BY "schema_migrations"."version" ASC[0m
  
ActionController::RoutingError (uninitialized constant V1::ContactsController):
  
activesupport (5.1.6) lib/active_support/inflector/methods.rb:271:in `const_get'
activesupport (5.1.6) lib/active_support/inflector/methods.rb:271:in `block in constantize'
activesupport (5.1.6) lib/active_support/inflector/methods.rb:267:in `each'
activesupport (5.1.6) lib/active_support/inflector/methods.rb:267:in `inject'
activesupport (5.1.6) lib/active_support/inflector/methods.rb:267:in `constantize'
actionpack (5.1.6) lib/action_dispatch/http/request.rb:85:in `controller_class_for'
actionpack (5.1.6) lib/action_dispatch/http/request.rb:78:in `controller_class'
actionpack (5.1.6) lib/action_dispatch/routing/route_set.rb:43:in `controller'
actionpack (5.1.6) lib/action_dispatch/routing/route_set.rb:29:in `serve'
actionpack (5.1.6) lib/action_dispatch/journey/router.rb:50:in `block in serve'
actionpack (5.1.6) lib/action_dispatch/journey/router.rb:33:in `each'
actionpack (5.1.6) lib/action_dispatch/journey/router.rb:33:in `serve'
actionpack (5.1.6) lib/action_dispatch/routing/route_set.rb:844:in `call'
warden (1.2.7) lib/warden/manager.rb:36:in `block in call'
warden (1.2.7) lib/warden/manager.rb:35:in `catch'
warden (1.2.7) lib/warden/manager.rb:35:in `call'
rack (2.0.5) lib/rack/etag.rb:25:in `call'
rack (2.0.5) lib/rack/conditional_get.rb:25:in `call'
rack (2.0.5) lib/rack/head.rb:12:in `call'
activerecord (5.1.6) lib/active_record/migration.rb:556:in `call'
actionpack (5.1.6) lib/action_dispatch/middleware/callbacks.rb:26:in `block in call'
activesupport (5.1.6) lib/active_support/callbacks.rb:97:in `run_callbacks'
actionpack (5.1.6) lib/action_dispatch/middleware/callbacks.rb:24:in `call'
actionpack (5.1.6) lib/action_dispatch/middleware/executor.rb:12:in `call'
actionpack (5.1.6) lib/action_dispatch/middleware/debug_exceptions.rb:59:in `call'
actionpack (5.1.6) lib/action_dispatch/middleware/show_exceptions.rb:31:in `call'
railties (5.1.6) lib/rails/rack/logger.rb:36:in `call_app'
railties (5.1.6) lib/rails/rack/logger.rb:24:in `block in call'
activesupport (5.1.6) lib/active_support/tagged_logging.rb:69:in `block in tagged'
activesupport (5.1.6) lib/active_support/tagged_logging.rb:26:in `tagged'
activesupport (5.1.6) lib/active_support/tagged_logging.rb:69:in `tagged'
railties (5.1.6) lib/rails/rack/logger.rb:24:in `call'
actionpack (5.1.6) lib/action_dispatch/middleware/remote_ip.rb:79:in `call'
actionpack (5.1.6) lib/action_dispatch/middleware/request_id.rb:25:in `call'
rack (2.0.5) lib/rack/runtime.rb:22:in `call'
activesupport (5.1.6) lib/active_support/cache/strategy/local_cache_middleware.rb:27:in `call'
actionpack (5.1.6) lib/action_dispatch/middleware/executor.rb:12:in `call'
actionpack (5.1.6) lib/action_dispatch/middleware/static.rb:125:in `call'
rack (2.0.5) lib/rack/sendfile.rb:111:in `call'
railties (5.1.6) lib/rails/engine.rb:522:in `call'
puma (3.11.4) lib/puma/configuration.rb:225:in `call'
puma (3.11.4) lib/puma/server.rb:632:in `handle_request'
puma (3.11.4) lib/puma/server.rb:446:in `process_client'
puma (3.11.4) lib/puma/server.rb:306:in `block in run'
puma (3.11.4) lib/puma/thread_pool.rb:120:in `block in spawn_thread'
Started GET "/api/v1/articles" for 127.0.0.1 at 2018-05-09 14:28:45 -0700
Processing by Api::V1::ArticlesController#index as */*
  [1m[36mArticle Load (0.6ms)[0m  [1m[34mSELECT "articles".* FROM "articles" ORDER BY created_at DESC[0m
Completed 200 OK in 39ms (Views: 33.6ms | ActiveRecord: 3.5ms)


Started GET "/api/v1/users" for 127.0.0.1 at 2018-05-09 14:28:54 -0700
  
ActionController::RoutingError (No route matches [GET] "/api/v1/users"):
  
actionpack (5.1.6) lib/action_dispatch/middleware/debug_exceptions.rb:63:in `call'
actionpack (5.1.6) lib/action_dispatch/middleware/show_exceptions.rb:31:in `call'
railties (5.1.6) lib/rails/rack/logger.rb:36:in `call_app'
railties (5.1.6) lib/rails/rack/logger.rb:24:in `block in call'
activesupport (5.1.6) lib/active_support/tagged_logging.rb:69:in `block in tagged'
activesupport (5.1.6) lib/active_support/tagged_logging.rb:26:in `tagged'
activesupport (5.1.6) lib/active_support/tagged_logging.rb:69:in `tagged'
railties (5.1.6) lib/rails/rack/logger.rb:24:in `call'
actionpack (5.1.6) lib/action_dispatch/middleware/remote_ip.rb:79:in `call'
actionpack (5.1.6) lib/action_dispatch/middleware/request_id.rb:25:in `call'
rack (2.0.5) lib/rack/runtime.rb:22:in `call'
activesupport (5.1.6) lib/active_support/cache/strategy/local_cache_middleware.rb:27:in `call'
actionpack (5.1.6) lib/action_dispatch/middleware/executor.rb:12:in `call'
actionpack (5.1.6) lib/action_dispatch/middleware/static.rb:125:in `call'
rack (2.0.5) lib/rack/sendfile.rb:111:in `call'
railties (5.1.6) lib/rails/engine.rb:522:in `call'
puma (3.11.4) lib/puma/configuration.rb:225:in `call'
puma (3.11.4) lib/puma/server.rb:632:in `handle_request'
puma (3.11.4) lib/puma/server.rb:446:in `process_client'
puma (3.11.4) lib/puma/server.rb:306:in `block in run'
puma (3.11.4) lib/puma/thread_pool.rb:120:in `block in spawn_thread'
Started GET "/api/v1/articles" for 127.0.0.1 at 2018-05-09 14:29:01 -0700
Processing by Api::V1::ArticlesController#index as */*
  [1m[36mArticle Load (0.3ms)[0m  [1m[34mSELECT "articles".* FROM "articles" ORDER BY created_at DESC[0m
Completed 200 OK in 2ms (Views: 1.5ms | ActiveRecord: 0.3ms)


Started POST "/api/v1/articles" for 127.0.0.1 at 2018-05-09 14:30:29 -0700
Processing by Api::V1::ArticlesController#create as */*
  Parameters: {"email"=>"logantanous@gmail.com", "password"=>"[FILTERED]"}
Unpermitted parameters: :email, :password
  [1m[35m (0.1ms)[0m  [1m[35mBEGIN[0m
  [1m[35m (0.3ms)[0m  [1m[31mROLLBACK[0m
Completed 422 Unprocessable Entity in 642ms (Views: 0.3ms | ActiveRecord: 0.4ms)


Started POST "/v1/sessions" for 127.0.0.1 at 2018-05-09 14:30:57 -0700
  
ActionController::RoutingError (No route matches [POST] "/v1/sessions"):
  
actionpack (5.1.6) lib/action_dispatch/middleware/debug_exceptions.rb:63:in `call'
actionpack (5.1.6) lib/action_dispatch/middleware/show_exceptions.rb:31:in `call'
railties (5.1.6) lib/rails/rack/logger.rb:36:in `call_app'
railties (5.1.6) lib/rails/rack/logger.rb:24:in `block in call'
activesupport (5.1.6) lib/active_support/tagged_logging.rb:69:in `block in tagged'
activesupport (5.1.6) lib/active_support/tagged_logging.rb:26:in `tagged'
activesupport (5.1.6) lib/active_support/tagged_logging.rb:69:in `tagged'
railties (5.1.6) lib/rails/rack/logger.rb:24:in `call'
actionpack (5.1.6) lib/action_dispatch/middleware/remote_ip.rb:79:in `call'
actionpack (5.1.6) lib/action_dispatch/middleware/request_id.rb:25:in `call'
rack (2.0.5) lib/rack/runtime.rb:22:in `call'
activesupport (5.1.6) lib/active_support/cache/strategy/local_cache_middleware.rb:27:in `call'
actionpack (5.1.6) lib/action_dispatch/middleware/executor.rb:12:in `call'
actionpack (5.1.6) lib/action_dispatch/middleware/static.rb:125:in `call'
rack (2.0.5) lib/rack/sendfile.rb:111:in `call'
railties (5.1.6) lib/rails/engine.rb:522:in `call'
puma (3.11.4) lib/puma/configuration.rb:225:in `call'
puma (3.11.4) lib/puma/server.rb:632:in `handle_request'
puma (3.11.4) lib/puma/server.rb:446:in `process_client'
puma (3.11.4) lib/puma/server.rb:306:in `block in run'
puma (3.11.4) lib/puma/thread_pool.rb:120:in `block in spawn_thread'
Started POST "/api/v1/sessions" for 127.0.0.1 at 2018-05-09 14:31:36 -0700
  
ActionController::RoutingError (uninitialized constant Api::V1::SessionsController):
  
activesupport (5.1.6) lib/active_support/inflector/methods.rb:271:in `const_get'
activesupport (5.1.6) lib/active_support/inflector/methods.rb:271:in `block in constantize'
activesupport (5.1.6) lib/active_support/inflector/methods.rb:267:in `each'
activesupport (5.1.6) lib/active_support/inflector/methods.rb:267:in `inject'
activesupport (5.1.6) lib/active_support/inflector/methods.rb:267:in `constantize'
actionpack (5.1.6) lib/action_dispatch/http/request.rb:85:in `controller_class_for'
actionpack (5.1.6) lib/action_dispatch/http/request.rb:78:in `controller_class'
actionpack (5.1.6) lib/action_dispatch/routing/route_set.rb:43:in `controller'
actionpack (5.1.6) lib/action_dispatch/routing/route_set.rb:29:in `serve'
actionpack (5.1.6) lib/action_dispatch/journey/router.rb:50:in `block in serve'
actionpack (5.1.6) lib/action_dispatch/journey/router.rb:33:in `each'
actionpack (5.1.6) lib/action_dispatch/journey/router.rb:33:in `serve'
actionpack (5.1.6) lib/action_dispatch/routing/route_set.rb:844:in `call'
warden (1.2.7) lib/warden/manager.rb:36:in `block in call'
warden (1.2.7) lib/warden/manager.rb:35:in `catch'
warden (1.2.7) lib/warden/manager.rb:35:in `call'
rack (2.0.5) lib/rack/etag.rb:25:in `call'
rack (2.0.5) lib/rack/conditional_get.rb:38:in `call'
rack (2.0.5) lib/rack/head.rb:12:in `call'
activerecord (5.1.6) lib/active_record/migration.rb:556:in `call'
actionpack (5.1.6) lib/action_dispatch/middleware/callbacks.rb:26:in `block in call'
activesupport (5.1.6) lib/active_support/callbacks.rb:97:in `run_callbacks'
actionpack (5.1.6) lib/action_dispatch/middleware/callbacks.rb:24:in `call'
actionpack (5.1.6) lib/action_dispatch/middleware/executor.rb:12:in `call'
actionpack (5.1.6) lib/action_dispatch/middleware/debug_exceptions.rb:59:in `call'
actionpack (5.1.6) lib/action_dispatch/middleware/show_exceptions.rb:31:in `call'
railties (5.1.6) lib/rails/rack/logger.rb:36:in `call_app'
railties (5.1.6) lib/rails/rack/logger.rb:24:in `block in call'
activesupport (5.1.6) lib/active_support/tagged_logging.rb:69:in `block in tagged'
activesupport (5.1.6) lib/active_support/tagged_logging.rb:26:in `tagged'
activesupport (5.1.6) lib/active_support/tagged_logging.rb:69:in `tagged'
railties (5.1.6) lib/rails/rack/logger.rb:24:in `call'
actionpack (5.1.6) lib/action_dispatch/middleware/remote_ip.rb:79:in `call'
actionpack (5.1.6) lib/action_dispatch/middleware/request_id.rb:25:in `call'
rack (2.0.5) lib/rack/runtime.rb:22:in `call'
activesupport (5.1.6) lib/active_support/cache/strategy/local_cache_middleware.rb:27:in `call'
actionpack (5.1.6) lib/action_dispatch/middleware/executor.rb:12:in `call'
actionpack (5.1.6) lib/action_dispatch/middleware/static.rb:125:in `call'
rack (2.0.5) lib/rack/sendfile.rb:111:in `call'
railties (5.1.6) lib/rails/engine.rb:522:in `call'
puma (3.11.4) lib/puma/configuration.rb:225:in `call'
puma (3.11.4) lib/puma/server.rb:632:in `handle_request'
puma (3.11.4) lib/puma/server.rb:446:in `process_client'
puma (3.11.4) lib/puma/server.rb:306:in `block in run'
puma (3.11.4) lib/puma/thread_pool.rb:120:in `block in spawn_thread'
Started POST "/api/v1/sessions" for 127.0.0.1 at 2018-05-09 14:31:55 -0700
  
ActionController::RoutingError (uninitialized constant Api::V1::SessionsController):
  
activesupport (5.1.6) lib/active_support/inflector/methods.rb:271:in `const_get'
activesupport (5.1.6) lib/active_support/inflector/methods.rb:271:in `block in constantize'
activesupport (5.1.6) lib/active_support/inflector/methods.rb:267:in `each'
activesupport (5.1.6) lib/active_support/inflector/methods.rb:267:in `inject'
activesupport (5.1.6) lib/active_support/inflector/methods.rb:267:in `constantize'
actionpack (5.1.6) lib/action_dispatch/http/request.rb:85:in `controller_class_for'
actionpack (5.1.6) lib/action_dispatch/http/request.rb:78:in `controller_class'
actionpack (5.1.6) lib/action_dispatch/routing/route_set.rb:43:in `controller'
actionpack (5.1.6) lib/action_dispatch/routing/route_set.rb:29:in `serve'
actionpack (5.1.6) lib/action_dispatch/journey/router.rb:50:in `block in serve'
actionpack (5.1.6) lib/action_dispatch/journey/router.rb:33:in `each'
actionpack (5.1.6) lib/action_dispatch/journey/router.rb:33:in `serve'
actionpack (5.1.6) lib/action_dispatch/routing/route_set.rb:844:in `call'
warden (1.2.7) lib/warden/manager.rb:36:in `block in call'
warden (1.2.7) lib/warden/manager.rb:35:in `catch'
warden (1.2.7) lib/warden/manager.rb:35:in `call'
rack (2.0.5) lib/rack/etag.rb:25:in `call'
rack (2.0.5) lib/rack/conditional_get.rb:38:in `call'
rack (2.0.5) lib/rack/head.rb:12:in `call'
activerecord (5.1.6) lib/active_record/migration.rb:556:in `call'
actionpack (5.1.6) lib/action_dispatch/middleware/callbacks.rb:26:in `block in call'
activesupport (5.1.6) lib/active_support/callbacks.rb:97:in `run_callbacks'
actionpack (5.1.6) lib/action_dispatch/middleware/callbacks.rb:24:in `call'
actionpack (5.1.6) lib/action_dispatch/middleware/executor.rb:12:in `call'
actionpack (5.1.6) lib/action_dispatch/middleware/debug_exceptions.rb:59:in `call'
actionpack (5.1.6) lib/action_dispatch/middleware/show_exceptions.rb:31:in `call'
railties (5.1.6) lib/rails/rack/logger.rb:36:in `call_app'
railties (5.1.6) lib/rails/rack/logger.rb:24:in `block in call'
activesupport (5.1.6) lib/active_support/tagged_logging.rb:69:in `block in tagged'
activesupport (5.1.6) lib/active_support/tagged_logging.rb:26:in `tagged'
activesupport (5.1.6) lib/active_support/tagged_logging.rb:69:in `tagged'
railties (5.1.6) lib/rails/rack/logger.rb:24:in `call'
actionpack (5.1.6) lib/action_dispatch/middleware/remote_ip.rb:79:in `call'
actionpack (5.1.6) lib/action_dispatch/middleware/request_id.rb:25:in `call'
rack (2.0.5) lib/rack/runtime.rb:22:in `call'
activesupport (5.1.6) lib/active_support/cache/strategy/local_cache_middleware.rb:27:in `call'
actionpack (5.1.6) lib/action_dispatch/middleware/executor.rb:12:in `call'
actionpack (5.1.6) lib/action_dispatch/middleware/static.rb:125:in `call'
rack (2.0.5) lib/rack/sendfile.rb:111:in `call'
railties (5.1.6) lib/rails/engine.rb:522:in `call'
puma (3.11.4) lib/puma/configuration.rb:225:in `call'
puma (3.11.4) lib/puma/server.rb:632:in `handle_request'
puma (3.11.4) lib/puma/server.rb:446:in `process_client'
puma (3.11.4) lib/puma/server.rb:306:in `block in run'
puma (3.11.4) lib/puma/thread_pool.rb:120:in `block in spawn_thread'
Started POST "/api/v1/articles" for 127.0.0.1 at 2018-05-09 14:32:01 -0700
Processing by Api::V1::ArticlesController#create as */*
  Parameters: {"email"=>"logantanous@gmail.com", "password"=>"[FILTERED]"}
Unpermitted parameters: :email, :password
  [1m[35m (0.1ms)[0m  [1m[35mBEGIN[0m
  [1m[35m (0.1ms)[0m  [1m[31mROLLBACK[0m
Completed 422 Unprocessable Entity in 2ms (Views: 0.2ms | ActiveRecord: 0.2ms)


Started GET "/api/v1/articles" for 127.0.0.1 at 2018-05-09 14:32:08 -0700
Processing by Api::V1::ArticlesController#index as */*
  [1m[36mArticle Load (0.2ms)[0m  [1m[34mSELECT "articles".* FROM "articles" ORDER BY created_at DESC[0m
Completed 200 OK in 2ms (Views: 1.5ms | ActiveRecord: 0.2ms)


Started POST "/api/v1/sessions" for 127.0.0.1 at 2018-05-09 14:32:54 -0700
  
ActionController::RoutingError (uninitialized constant Api::V1::SessionsController):
  
activesupport (5.1.6) lib/active_support/inflector/methods.rb:271:in `const_get'
activesupport (5.1.6) lib/active_support/inflector/methods.rb:271:in `block in constantize'
activesupport (5.1.6) lib/active_support/inflector/methods.rb:267:in `each'
activesupport (5.1.6) lib/active_support/inflector/methods.rb:267:in `inject'
activesupport (5.1.6) lib/active_support/inflector/methods.rb:267:in `constantize'
actionpack (5.1.6) lib/action_dispatch/http/request.rb:85:in `controller_class_for'
actionpack (5.1.6) lib/action_dispatch/http/request.rb:78:in `controller_class'
actionpack (5.1.6) lib/action_dispatch/routing/route_set.rb:43:in `controller'
actionpack (5.1.6) lib/action_dispatch/routing/route_set.rb:29:in `serve'
actionpack (5.1.6) lib/action_dispatch/journey/router.rb:50:in `block in serve'
actionpack (5.1.6) lib/action_dispatch/journey/router.rb:33:in `each'
actionpack (5.1.6) lib/action_dispatch/journey/router.rb:33:in `serve'
actionpack (5.1.6) lib/action_dispatch/routing/route_set.rb:844:in `call'
warden (1.2.7) lib/warden/manager.rb:36:in `block in call'
warden (1.2.7) lib/warden/manager.rb:35:in `catch'
warden (1.2.7) lib/warden/manager.rb:35:in `call'
rack (2.0.5) lib/rack/etag.rb:25:in `call'
rack (2.0.5) lib/rack/conditional_get.rb:38:in `call'
rack (2.0.5) lib/rack/head.rb:12:in `call'
activerecord (5.1.6) lib/active_record/migration.rb:556:in `call'
actionpack (5.1.6) lib/action_dispatch/middleware/callbacks.rb:26:in `block in call'
activesupport (5.1.6) lib/active_support/callbacks.rb:97:in `run_callbacks'
actionpack (5.1.6) lib/action_dispatch/middleware/callbacks.rb:24:in `call'
actionpack (5.1.6) lib/action_dispatch/middleware/executor.rb:12:in `call'
actionpack (5.1.6) lib/action_dispatch/middleware/debug_exceptions.rb:59:in `call'
actionpack (5.1.6) lib/action_dispatch/middleware/show_exceptions.rb:31:in `call'
railties (5.1.6) lib/rails/rack/logger.rb:36:in `call_app'
railties (5.1.6) lib/rails/rack/logger.rb:24:in `block in call'
activesupport (5.1.6) lib/active_support/tagged_logging.rb:69:in `block in tagged'
activesupport (5.1.6) lib/active_support/tagged_logging.rb:26:in `tagged'
activesupport (5.1.6) lib/active_support/tagged_logging.rb:69:in `tagged'
railties (5.1.6) lib/rails/rack/logger.rb:24:in `call'
actionpack (5.1.6) lib/action_dispatch/middleware/remote_ip.rb:79:in `call'
actionpack (5.1.6) lib/action_dispatch/middleware/request_id.rb:25:in `call'
rack (2.0.5) lib/rack/runtime.rb:22:in `call'
activesupport (5.1.6) lib/active_support/cache/strategy/local_cache_middleware.rb:27:in `call'
actionpack (5.1.6) lib/action_dispatch/middleware/executor.rb:12:in `call'
actionpack (5.1.6) lib/action_dispatch/middleware/static.rb:125:in `call'
rack (2.0.5) lib/rack/sendfile.rb:111:in `call'
railties (5.1.6) lib/rails/engine.rb:522:in `call'
puma (3.11.4) lib/puma/configuration.rb:225:in `call'
puma (3.11.4) lib/puma/server.rb:632:in `handle_request'
puma (3.11.4) lib/puma/server.rb:446:in `process_client'
puma (3.11.4) lib/puma/server.rb:306:in `block in run'
puma (3.11.4) lib/puma/thread_pool.rb:120:in `block in spawn_thread'
Started POST "/v1/sessions" for 127.0.0.1 at 2018-05-09 14:34:07 -0700
  [1m[35m (0.4ms)[0m  [1m[34mSELECT "schema_migrations"."version" FROM "schema_migrations" ORDER BY "schema_migrations"."version" ASC[0m
Processing by V1::SessionsController#create as */*
  Parameters: {"email"=>"logantanous@gmail.com", "password"=>"[FILTERED]"}
Completed 204 No Content in 0ms (ActiveRecord: 0.0ms)


  [1m[35m (0.1ms)[0m  [1m[35mBEGIN[0m
  [1m[36mUser Exists (0.7ms)[0m  [1m[34mSELECT  1 AS one FROM "users" WHERE "users"."email" = $1 LIMIT $2[0m  [["email", "bob@bob.com"], ["LIMIT", 1]]
  [1m[35mSQL (18.3ms)[0m  [1m[32mINSERT INTO "users" ("email", "encrypted_password", "created_at", "updated_at") VALUES ($1, $2, $3, $4) RETURNING "id"[0m  [["email", "bob@bob.com"], ["encrypted_password", "$2a$20$Z8bVm74/8J5XkiEv.4ftPe2ASZLh197oPK51Un1BRDbHhB4wHIiDK"], ["created_at", "2018-05-09 21:57:55.325721"], ["updated_at", "2018-05-09 21:57:55.325721"]]
  [1m[35m (14.4ms)[0m  [1m[35mCOMMIT[0m
Started POST "/v1/sessions" for 127.0.0.1 at 2018-05-09 15:04:08 -0700
  [1m[35m (0.4ms)[0m  [1m[34mSELECT "schema_migrations"."version" FROM "schema_migrations" ORDER BY "schema_migrations"."version" ASC[0m
Processing by V1::SessionsController#create as */*
  Parameters: {"email"=>"logantanous@gmail.com", "password"=>"[FILTERED]"}
  [1m[36mUser Load (0.5ms)[0m  [1m[34mSELECT  "users".* FROM "users" WHERE "users"."email" = $1 ORDER BY "users"."id" ASC LIMIT $2[0m  [["email", "logantanous@gmail.com"], ["LIMIT", 1]]
Completed 500 Internal Server Error in 24ms (ActiveRecord: 3.7ms)


  
NoMethodError (undefined method `valid_password?' for nil:NilClass):
  
app/controllers/v1/sessions_controller.rb:5:in `create'
Started GET "/v1/sessions" for 127.0.0.1 at 2018-05-09 15:04:18 -0700
  
ActionController::RoutingError (No route matches [GET] "/v1/sessions"):
  
actionpack (5.1.6) lib/action_dispatch/middleware/debug_exceptions.rb:63:in `call'
actionpack (5.1.6) lib/action_dispatch/middleware/show_exceptions.rb:31:in `call'
railties (5.1.6) lib/rails/rack/logger.rb:36:in `call_app'
railties (5.1.6) lib/rails/rack/logger.rb:24:in `block in call'
activesupport (5.1.6) lib/active_support/tagged_logging.rb:69:in `block in tagged'
activesupport (5.1.6) lib/active_support/tagged_logging.rb:26:in `tagged'
activesupport (5.1.6) lib/active_support/tagged_logging.rb:69:in `tagged'
railties (5.1.6) lib/rails/rack/logger.rb:24:in `call'
actionpack (5.1.6) lib/action_dispatch/middleware/remote_ip.rb:79:in `call'
actionpack (5.1.6) lib/action_dispatch/middleware/request_id.rb:25:in `call'
rack (2.0.5) lib/rack/runtime.rb:22:in `call'
activesupport (5.1.6) lib/active_support/cache/strategy/local_cache_middleware.rb:27:in `call'
actionpack (5.1.6) lib/action_dispatch/middleware/executor.rb:12:in `call'
actionpack (5.1.6) lib/action_dispatch/middleware/static.rb:125:in `call'
rack (2.0.5) lib/rack/sendfile.rb:111:in `call'
railties (5.1.6) lib/rails/engine.rb:522:in `call'
puma (3.11.4) lib/puma/configuration.rb:225:in `call'
puma (3.11.4) lib/puma/server.rb:632:in `handle_request'
puma (3.11.4) lib/puma/server.rb:446:in `process_client'
puma (3.11.4) lib/puma/server.rb:306:in `block in run'
puma (3.11.4) lib/puma/thread_pool.rb:120:in `block in spawn_thread'
Started POST "/v1/sessions" for 127.0.0.1 at 2018-05-09 15:04:46 -0700
Processing by V1::SessionsController#create as */*
  Parameters: {"email"=>"logantanosus@gmail.com", "password"=>"[FILTERED]"}
  [1m[36mUser Load (0.3ms)[0m  [1m[34mSELECT  "users".* FROM "users" WHERE "users"."email" = $1 ORDER BY "users"."id" ASC LIMIT $2[0m  [["email", "logantanosus@gmail.com"], ["LIMIT", 1]]
Completed 500 Internal Server Error in 3ms (ActiveRecord: 0.3ms)


  
NoMethodError (undefined method `valid_password?' for nil:NilClass):
  
app/controllers/v1/sessions_controller.rb:5:in `create'
Started POST "/v1/sessions" for 127.0.0.1 at 2018-05-09 15:07:52 -0700
  [1m[35m (0.4ms)[0m  [1m[34mSELECT "schema_migrations"."version" FROM "schema_migrations" ORDER BY "schema_migrations"."version" ASC[0m
Processing by V1::SessionsController#create as */*
  Parameters: {"email"=>"logantanous@gmail.com", "password"=>"[FILTERED]"}
  [1m[36mUser Load (0.6ms)[0m  [1m[34mSELECT  "users".* FROM "users" WHERE "users"."email" = $1 ORDER BY "users"."id" ASC LIMIT $2[0m  [["email", "logantanous@gmail.com"], ["LIMIT", 1]]
Completed 401 Unauthorized in 8ms (ActiveRecord: 3.6ms)


Started POST "/v1/sessions" for 127.0.0.1 at 2018-05-09 15:08:53 -0700
Processing by V1::SessionsController#create as */*
  Parameters: {"email"=>"logantanous@gmail.com", "password"=>"[FILTERED]"}
  [1m[36mUser Load (0.3ms)[0m  [1m[34mSELECT  "users".* FROM "users" WHERE "users"."email" = $1 ORDER BY "users"."id" ASC LIMIT $2[0m  [["email", "logantanous@gmail.com"], ["LIMIT", 1]]
Completed 401 Unauthorized in 2ms (ActiveRecord: 0.3ms)


Started POST "/v1/sessions" for 127.0.0.1 at 2018-05-09 15:10:01 -0700
Processing by V1::SessionsController#create as */*
  Parameters: {"email"=>"logantanous@gmail.com", "password"=>"[FILTERED]"}
  [1m[36mUser Load (0.3ms)[0m  [1m[34mSELECT  "users".* FROM "users" WHERE "users"."email" = $1 ORDER BY "users"."id" ASC LIMIT $2[0m  [["email", "logantanous@gmail.com"], ["LIMIT", 1]]
Completed 500 Internal Server Error in 12ms (ActiveRecord: 2.7ms)


  
NoMethodError (undefined method `valid_password?' for nil:NilClass):
  
app/controllers/v1/sessions_controller.rb:5:in `create'
Started POST "/v1/sessions" for 127.0.0.1 at 2018-05-09 15:10:16 -0700
Processing by V1::SessionsController#create as */*
  Parameters: {"email"=>"logantanous@gmail.com", "password"=>"[FILTERED]"}
  [1m[36mUser Load (0.2ms)[0m  [1m[34mSELECT  "users".* FROM "users" WHERE "users"."email" = $1 ORDER BY "users"."id" ASC LIMIT $2[0m  [["email", "logantanous@gmail.com"], ["LIMIT", 1]]
Completed 401 Unauthorized in 6ms (ActiveRecord: 2.5ms)


Started POST "/v1/sessions" for 127.0.0.1 at 2018-05-09 15:10:27 -0700
Processing by V1::SessionsController#create as */*
  Parameters: {"email"=>"logantanous@gmail.com", "password"=>"[FILTERED]"}
  [1m[36mUser Load (0.3ms)[0m  [1m[34mSELECT  "users".* FROM "users" WHERE "users"."email" = $1 ORDER BY "users"."id" ASC LIMIT $2[0m  [["email", "logantanous@gmail.com"], ["LIMIT", 1]]
Completed 401 Unauthorized in 1ms (ActiveRecord: 0.3ms)


Started POST "/v1/sessions" for 127.0.0.1 at 2018-05-09 15:10:44 -0700
Processing by V1::SessionsController#create as */*
  Parameters: {"email"=>"logantanous@gmail.com", "password"=>"[FILTERED]"}
  [1m[36mUser Load (0.5ms)[0m  [1m[34mSELECT  "users".* FROM "users" WHERE "users"."email" = $1 ORDER BY "users"."id" ASC LIMIT $2[0m  [["email", "logantanous@gmail.com"], ["LIMIT", 1]]
Completed 401 Unauthorized in 2ms (ActiveRecord: 0.5ms)


Started POST "/v1/sessions" for 127.0.0.1 at 2018-05-09 15:11:12 -0700
Processing by V1::SessionsController#create as */*
  Parameters: {"email"=>"bob@bob.com", "password"=>"[FILTERED]"}
  [1m[36mUser Load (0.3ms)[0m  [1m[34mSELECT  "users".* FROM "users" WHERE "users"."email" = $1 ORDER BY "users"."id" ASC LIMIT $2[0m  [["email", "bob@bob.com"], ["LIMIT", 1]]
Completed 500 Internal Server Error in 85ms (ActiveRecord: 0.3ms)


  
NoMethodError (undefined method `valid_password?' for #<V1::SessionsController:0x007f8b3d0210f0>):
  
app/controllers/v1/sessions_controller.rb:5:in `create'
Started POST "/v1/sessions" for 127.0.0.1 at 2018-05-09 15:11:27 -0700
Processing by V1::SessionsController#create as */*
  Parameters: {"email"=>"bob@bob.com", "password"=>"[FILTERED]"}
  [1m[36mUser Load (0.3ms)[0m  [1m[34mSELECT  "users".* FROM "users" WHERE "users"."email" = $1 ORDER BY "users"."id" ASC LIMIT $2[0m  [["email", "bob@bob.com"], ["LIMIT", 1]]
Completed 500 Internal Server Error in 47ms (ActiveRecord: 0.3ms)


  
NoMethodError (undefined method `valid_password?' for #<V1::SessionsController:0x007f8b3d3a4628>):
  
app/controllers/v1/sessions_controller.rb:5:in `create'
Started POST "/v1/sessions" for 127.0.0.1 at 2018-05-09 15:11:33 -0700
Processing by V1::SessionsController#create as */*
  Parameters: {"email"=>"bob@bob.com", "password"=>"[FILTERED]"}
  [1m[36mUser Load (0.2ms)[0m  [1m[34mSELECT  "users".* FROM "users" WHERE "users"."email" = $1 ORDER BY "users"."id" ASC LIMIT $2[0m  [["email", "bob@bob.com"], ["LIMIT", 1]]
Completed 500 Internal Server Error in 50ms (ActiveRecord: 2.5ms)


  
NoMethodError (undefined method `valid_password?' for #<V1::SessionsController:0x007f8b3a12a990>):
  
app/controllers/v1/sessions_controller.rb:5:in `create'
Started POST "/v1/sessions" for 127.0.0.1 at 2018-05-09 15:11:37 -0700
Processing by V1::SessionsController#create as */*
  Parameters: {"email"=>"bob@bob.com", "password"=>"[FILTERED]"}
  [1m[36mUser Load (0.2ms)[0m  [1m[34mSELECT  "users".* FROM "users" WHERE "users"."email" = $1 ORDER BY "users"."id" ASC LIMIT $2[0m  [["email", "bob@bob.com"], ["LIMIT", 1]]
Completed 201 Created in 60209ms (Views: 0.2ms | ActiveRecord: 2.4ms)


